<?xml version="1.0" encoding="UTF-8"?>
<testng-results skipped="0" failed="0" total="2" passed="2">
  <reporter-output>
  </reporter-output>
  <suite name="Default suite" duration-ms="64205" started-at="2016-11-16T04:30:08Z" finished-at="2016-11-16T04:31:12Z">
    <groups>
    </groups>
    <test name="Default test" duration-ms="64205" started-at="2016-11-16T04:30:08Z" finished-at="2016-11-16T04:31:12Z">
      <class name="com.testscript.Scenario_Login">
        <test-method status="PASS" signature="initializeBrowser()[pri:0, instance:com.testscript.Scenario_Login@165391b]" name="initializeBrowser" is-config="true" duration-ms="27789" started-at="2016-11-16T10:00:08Z" finished-at="2016-11-16T10:00:36Z">
          <reporter-output>
          </reporter-output>
        </test-method> <!-- initializeBrowser -->
        <test-method status="PASS" signature="invalidLogin(java.lang.String, java.lang.String)[pri:0, instance:com.testscript.Scenario_Login@165391b]" name="invalidLogin" duration-ms="6469" started-at="2016-11-16T10:00:36Z" data-provider="InvalidLogin_DP" finished-at="2016-11-16T10:00:42Z">
          <params>
            <param index="0">
              <value>
                <![CDATA[]]>
              </value>
            </param>
            <param index="1">
              <value>
                <![CDATA[]]>
              </value>
            </param>
          </params>
          <reporter-output>
          </reporter-output>
        </test-method> <!-- invalidLogin -->
        <test-method status="PASS" signature="tearDown()[pri:0, instance:com.testscript.Scenario_Login@165391b]" name="tearDown" is-config="true" duration-ms="2725" started-at="2016-11-16T10:00:42Z" finished-at="2016-11-16T10:00:45Z">
          <reporter-output>
          </reporter-output>
        </test-method> <!-- tearDown -->
        <test-method status="PASS" signature="initializeBrowser()[pri:0, instance:com.testscript.Scenario_Login@165391b]" name="initializeBrowser" is-config="true" duration-ms="17461" started-at="2016-11-16T10:00:45Z" finished-at="2016-11-16T10:01:03Z">
          <reporter-output>
          </reporter-output>
        </test-method> <!-- initializeBrowser -->
        <test-method status="PASS" signature="validLogin(java.lang.String, java.lang.String)[pri:0, instance:com.testscript.Scenario_Login@165391b]" name="validLogin" duration-ms="8251" started-at="2016-11-16T10:01:03Z" data-provider="ValidLogin_DP" finished-at="2016-11-16T10:01:11Z">
          <params>
            <param index="0">
              <value>
                <![CDATA[qtpworld2008@gmail.com]]>
              </value>
            </param>
            <param index="1">
              <value>
                <![CDATA[learn123]]>
              </value>
            </param>
          </params>
          <reporter-output>
          </reporter-output>
        </test-method> <!-- validLogin -->
        <test-method status="PASS" signature="tearDown()[pri:0, instance:com.testscript.Scenario_Login@165391b]" name="tearDown" is-config="true" duration-ms="1469" started-at="2016-11-16T10:01:11Z" finished-at="2016-11-16T10:01:12Z">
          <reporter-output>
          </reporter-output>
        </test-method> <!-- tearDown -->
      </class> <!-- com.testscript.Scenario_Login -->
    </test> <!-- Default test -->
  </suite> <!-- Default suite -->
</testng-results>
